0 info it worked if it ends with ok
<<<<<<< HEAD:npm-debug.log
1 verbose cli [ '/usr/bin/nodejs', '/usr/bin/npm', 'run', 'bundle-div' ]
2 info using npm@3.10.10
3 info using node@v6.10.0
4 verbose stack Error: missing script: bundle-div
4 verbose stack     at run (/usr/lib/node_modules/npm/lib/run-script.js:151:19)
4 verbose stack     at /usr/lib/node_modules/npm/lib/run-script.js:61:5
4 verbose stack     at /usr/lib/node_modules/npm/node_modules/read-package-json/read-json.js:356:5
4 verbose stack     at checkBinReferences_ (/usr/lib/node_modules/npm/node_modules/read-package-json/read-json.js:320:45)
4 verbose stack     at final (/usr/lib/node_modules/npm/node_modules/read-package-json/read-json.js:354:3)
4 verbose stack     at then (/usr/lib/node_modules/npm/node_modules/read-package-json/read-json.js:124:5)
4 verbose stack     at /usr/lib/node_modules/npm/node_modules/read-package-json/read-json.js:311:12
4 verbose stack     at /usr/lib/node_modules/npm/node_modules/graceful-fs/graceful-fs.js:78:16
4 verbose stack     at tryToString (fs.js:455:3)
4 verbose stack     at FSReqWrap.readFileAfterClose [as oncomplete] (fs.js:442:12)
5 verbose cwd /home/pash/Documents/projetKAS/Platforme-de-financement
6 error Linux 4.4.0-66-generic
7 error argv "/usr/bin/nodejs" "/usr/bin/npm" "run" "bundle-div"
8 error node v6.10.0
9 error npm  v3.10.10
10 error missing script: bundle-div
11 error If you need help, you may report this error at:
11 error     <https://github.com/npm/npm/issues>
12 verbose exit [ 1, true ]
=======
1 verbose cli [ '/usr/bin/nodejs', '/usr/bin/npm', 'start' ]
2 info using npm@3.10.10
3 info using node@v6.10.0
4 verbose run-script [ 'prestart', 'start', 'poststart' ]
5 info lifecycle ikickapp@1.0.0~prestart: ikickapp@1.0.0
6 silly lifecycle ikickapp@1.0.0~prestart: no script for prestart, continuing
7 info lifecycle ikickapp@1.0.0~start: ikickapp@1.0.0
8 verbose lifecycle ikickapp@1.0.0~start: unsafe-perm in lifecycle true
9 verbose lifecycle ikickapp@1.0.0~start: PATH: /usr/lib/node_modules/npm/bin/node-gyp-bin:/home/simplonco/Documents/FinancementProjet/Platforme-de-financement/node_modules/.bin:/usr/local/bin:/usr/bin:/bin:/usr/local/games:/usr/games
10 verbose lifecycle ikickapp@1.0.0~start: CWD: /home/simplonco/Documents/FinancementProjet/Platforme-de-financement
11 silly lifecycle ikickapp@1.0.0~start: Args: [ '-c', 'node index.js' ]
12 silly lifecycle ikickapp@1.0.0~start: Returned: code: 1  signal: null
13 info lifecycle ikickapp@1.0.0~start: Failed to exec start script
14 verbose stack Error: ikickapp@1.0.0 start: `node index.js`
14 verbose stack Exit status 1
14 verbose stack     at EventEmitter.<anonymous> (/usr/lib/node_modules/npm/lib/utils/lifecycle.js:255:16)
14 verbose stack     at emitTwo (events.js:106:13)
14 verbose stack     at EventEmitter.emit (events.js:191:7)
14 verbose stack     at ChildProcess.<anonymous> (/usr/lib/node_modules/npm/lib/utils/spawn.js:40:14)
14 verbose stack     at emitTwo (events.js:106:13)
14 verbose stack     at ChildProcess.emit (events.js:191:7)
14 verbose stack     at maybeClose (internal/child_process.js:877:16)
14 verbose stack     at Process.ChildProcess._handle.onexit (internal/child_process.js:226:5)
15 verbose pkgid ikickapp@1.0.0
16 verbose cwd /home/simplonco/Documents/FinancementProjet/Platforme-de-financement/client
17 error Linux 3.16.0-4-amd64
18 error argv "/usr/bin/nodejs" "/usr/bin/npm" "start"
19 error node v6.10.0
20 error npm  v3.10.10
21 error code ELIFECYCLE
22 error ikickapp@1.0.0 start: `node index.js`
22 error Exit status 1
23 error Failed at the ikickapp@1.0.0 start script 'node index.js'.
23 error Make sure you have the latest version of node.js and npm installed.
23 error If you do, this is most likely a problem with the ikickapp package,
23 error not with npm itself.
23 error Tell the author that this fails on your system:
23 error     node index.js
23 error You can get information on how to open an issue for this project with:
23 error     npm bugs ikickapp
23 error Or if that isn't available, you can get their info via:
23 error     npm owner ls ikickapp
23 error There is likely additional logging output above.
24 verbose exit [ 1, true ]
>>>>>>> a317eaab4c2a82160969ae501405e1482479adef:client/npm-debug.log
